Build started 23-05-2016 09:33:20 AM.
     1>Project "c:\Users\RTP\documents\visual studio 2010\Projects\clock final\clock final\clock final.vcxproj" on node 2 (build target(s)).
     1>PrepareForBuild:
         Creating directory "c:\users\rtp\documents\visual studio 2010\Projects\clock final\Debug\".
       InitializeBuildStatus:
         Creating "Debug\clock final.unsuccessfulbuild" because "AlwaysCreate" was specified.
       ClCompile:
         c:\Program Files (x86)\Microsoft Visual Studio 10.0\VC\bin\CL.exe /c /ZI /nologo /W3 /WX- /Od /Oy- /D WIN32 /D _DEBUG /D _CONSOLE /D _UNICODE /D UNICODE /Gm /EHsc /RTC1 /MDd /GS /fp:precise /Zc:wchar_t /Zc:forScope /Yc"StdAfx.h" /Fp"Debug\clock final.pch" /Fo"Debug\\" /Fd"Debug\vc100.pdb" /Gd /TP /analyze- /errorReport:prompt stdafx.cpp
         stdafx.cpp
         c:\Program Files (x86)\Microsoft Visual Studio 10.0\VC\bin\CL.exe /c /ZI /nologo /W3 /WX- /Od /Oy- /D WIN32 /D _DEBUG /D _CONSOLE /D _UNICODE /D UNICODE /Gm /EHsc /RTC1 /MDd /GS /fp:precise /Zc:wchar_t /Zc:forScope /Yu"StdAfx.h" /Fp"Debug\clock final.pch" /Fo"Debug\\" /Fd"Debug\vc100.pdb" /Gd /TP /analyze- /errorReport:prompt "clock final.cpp"
         clock final.cpp
     1>c:\users\rtp\documents\visual studio 2010\projects\clock final\clock final\clock final.cpp(110): warning C4996: 'localtime': This function or variable may be unsafe. Consider using localtime_s instead. To disable deprecation, use _CRT_SECURE_NO_WARNINGS. See online help for details.
                 c:\program files (x86)\microsoft visual studio 10.0\vc\include\time.inl(112) : see declaration of 'localtime'
       ManifestResourceCompile:
         C:\Program Files (x86)\Microsoft SDKs\Windows\v7.0A\bin\rc.exe /nologo /fo"Debug\clock final.exe.embed.manifest.res" "Debug\clock final_manifest.rc" 
       Link:
         c:\Program Files (x86)\Microsoft Visual Studio 10.0\VC\bin\link.exe /ERRORREPORT:PROMPT /OUT:"c:\users\rtp\documents\visual studio 2010\Projects\clock final\Debug\clock final.exe" /INCREMENTAL /NOLOGO kernel32.lib user32.lib gdi32.lib winspool.lib comdlg32.lib advapi32.lib shell32.lib ole32.lib oleaut32.lib uuid.lib odbc32.lib odbccp32.lib /MANIFEST /ManifestFile:"Debug\clock final.exe.intermediate.manifest" /MANIFESTUAC:"level='asInvoker' uiAccess='false'" /DEBUG /PDB:"c:\users\rtp\documents\visual studio 2010\Projects\clock final\Debug\clock final.pdb" /SUBSYSTEM:CONSOLE /TLBID:1 /DYNAMICBASE /NXCOMPAT /IMPLIB:"c:\users\rtp\documents\visual studio 2010\Projects\clock final\Debug\clock final.lib" /MACHINE:X86 "Debug\clock final.exe.embed.manifest.res"
         "Debug\clock final.obj"
         Debug\stdafx.obj
       Manifest:
         C:\Program Files (x86)\Microsoft SDKs\Windows\v7.0A\bin\mt.exe /nologo /verbose /out:"Debug\clock final.exe.embed.manifest" /manifest "Debug\clock final.exe.intermediate.manifest"
         C:\Program Files (x86)\Microsoft SDKs\Windows\v7.0A\bin\rc.exe /nologo /fo"Debug\clock final.exe.embed.manifest.res" "Debug\clock final_manifest.rc" 
       LinkEmbedManifest:
         c:\Program Files (x86)\Microsoft Visual Studio 10.0\VC\bin\link.exe /ERRORREPORT:PROMPT /OUT:"c:\users\rtp\documents\visual studio 2010\Projects\clock final\Debug\clock final.exe" /INCREMENTAL /NOLOGO kernel32.lib user32.lib gdi32.lib winspool.lib comdlg32.lib advapi32.lib shell32.lib ole32.lib oleaut32.lib uuid.lib odbc32.lib odbccp32.lib /MANIFEST /ManifestFile:"Debug\clock final.exe.intermediate.manifest" /MANIFESTUAC:"level='asInvoker' uiAccess='false'" /DEBUG /PDB:"c:\users\rtp\documents\visual studio 2010\Projects\clock final\Debug\clock final.pdb" /SUBSYSTEM:CONSOLE /TLBID:1 /DYNAMICBASE /NXCOMPAT /IMPLIB:"c:\users\rtp\documents\visual studio 2010\Projects\clock final\Debug\clock final.lib" /MACHINE:X86 "Debug\clock final.exe.embed.manifest.res"
         "Debug\clock final.obj"
         Debug\stdafx.obj
         clock final.vcxproj -> c:\users\rtp\documents\visual studio 2010\Projects\clock final\Debug\clock final.exe
       FinalizeBuildStatus:
         Deleting file "Debug\clock final.unsuccessfulbuild".
         Touching "Debug\clock final.lastbuildstate".
     1>Done Building Project "c:\Users\RTP\documents\visual studio 2010\Projects\clock final\clock final\clock final.vcxproj" (build target(s)).

Build succeeded.

Time Elapsed 00:00:04.15
